d:\snake\snake\snake\debug\snake.pch
d:\snake\snake\snake\debug\stdafx.obj
d:\snake\snake\snake\debug\vc100.pdb
d:\snake\snake\snake\debug\snake.obj
d:\1024牛牛妞妞\课件\2013年大二下\算法与程序设计实践3\第十五周+snake.20130607\snake.20130607\snake\snake\debug\snake.pch
d:\1024牛牛妞妞\课件\2013年大二下\算法与程序设计实践3\第十五周+snake.20130607\snake.20130607\snake\snake\debug\stdafx.obj
d:\1024牛牛妞妞\课件\2013年大二下\算法与程序设计实践3\第十五周+snake.20130607\snake.20130607\snake\snake\debug\vc100.pdb
d:\1024牛牛妞妞\课件\2013年大二下\算法与程序设计实践3\第十五周+snake.20130607\snake.20130607\snake\snake\debug\snake.obj
d:\snake\snake\debug\snake.ilk
d:\snake\snake\debug\snake.exe
d:\snake\snake\snake\debug\snake.exe.intermediate.manifest
d:\snake\snake\debug\snake.pdb
d:\1024牛牛妞妞\课件\2013年大二下\算法与程序设计实践3\第十五周+snake.20130607\snake.20130607\snake\debug\snake.ilk
d:\1024牛牛妞妞\课件\2013年大二下\算法与程序设计实践3\第十五周+snake.20130607\snake.20130607\snake\debug\snake.exe
d:\1024牛牛妞妞\课件\2013年大二下\算法与程序设计实践3\第十五周+snake.20130607\snake.20130607\snake\snake\debug\snake.exe.intermediate.manifest
d:\1024牛牛妞妞\课件\2013年大二下\算法与程序设计实践3\第十五周+snake.20130607\snake.20130607\snake\debug\snake.pdb
d:\snake\snake\snake\debug\snake.exe.embed.manifest
d:\snake\snake\snake\debug\snake.res
d:\snake\snake\snake\debug\snake.exe.embed.manifest.res
d:\1024牛牛妞妞\课件\2013年大二下\算法与程序设计实践3\第十五周+snake.20130607\snake.20130607\snake\snake\debug\snake.res
d:\1024牛牛妞妞\课件\2013年大二下\算法与程序设计实践3\第十五周+snake.20130607\snake.20130607\snake\snake\debug\snake.exe.embed.manifest.res
g:\jobs\project\a\windows课程设计\snake\snake\debug\snake.obj
g:\jobs\project\a\windows课程设计\snake\snake\debug\stdafx.obj
g:\jobs\project\a\windows课程设计\snake\snake\debug\cl.command.1.tlog
g:\jobs\project\a\windows课程设计\snake\snake\debug\cl.read.1.tlog
g:\jobs\project\a\windows课程设计\snake\snake\debug\cl.write.1.tlog
g:\jobs\project\a\windows课程设计\snake\snake\debug\link-cvtres.read.1.tlog
g:\jobs\project\a\windows课程设计\snake\snake\debug\link-cvtres.write.1.tlog
g:\jobs\project\a\windows课程设计\snake\snake\debug\link.12800-cvtres.read.1.tlog
g:\jobs\project\a\windows课程设计\snake\snake\debug\link.12800-cvtres.write.1.tlog
g:\jobs\project\a\windows课程设计\snake\snake\debug\link.12800.read.1.tlog
g:\jobs\project\a\windows课程设计\snake\snake\debug\link.12800.write.1.tlog
g:\jobs\project\a\windows课程设计\snake\snake\debug\link.15380-cvtres.read.1.tlog
g:\jobs\project\a\windows课程设计\snake\snake\debug\link.15380-cvtres.write.1.tlog
g:\jobs\project\a\windows课程设计\snake\snake\debug\link.15380.read.1.tlog
g:\jobs\project\a\windows课程设计\snake\snake\debug\link.15380.write.1.tlog
g:\jobs\project\a\windows课程设计\snake\snake\debug\link.2184-cvtres.read.1.tlog
g:\jobs\project\a\windows课程设计\snake\snake\debug\link.2184-cvtres.write.1.tlog
g:\jobs\project\a\windows课程设计\snake\snake\debug\link.2184.read.1.tlog
g:\jobs\project\a\windows课程设计\snake\snake\debug\link.2184.write.1.tlog
g:\jobs\project\a\windows课程设计\snake\snake\debug\link.2856-cvtres.read.1.tlog
g:\jobs\project\a\windows课程设计\snake\snake\debug\link.2856-cvtres.write.1.tlog
g:\jobs\project\a\windows课程设计\snake\snake\debug\link.2856.read.1.tlog
g:\jobs\project\a\windows课程设计\snake\snake\debug\link.2856.write.1.tlog
g:\jobs\project\a\windows课程设计\snake\snake\debug\link.4436-cvtres.read.1.tlog
g:\jobs\project\a\windows课程设计\snake\snake\debug\link.4436-cvtres.write.1.tlog
g:\jobs\project\a\windows课程设计\snake\snake\debug\link.4436.read.1.tlog
g:\jobs\project\a\windows课程设计\snake\snake\debug\link.4436.write.1.tlog
g:\jobs\project\a\windows课程设计\snake\snake\debug\link.5572-cvtres.read.1.tlog
g:\jobs\project\a\windows课程设计\snake\snake\debug\link.5572-cvtres.write.1.tlog
g:\jobs\project\a\windows课程设计\snake\snake\debug\link.5572.read.1.tlog
g:\jobs\project\a\windows课程设计\snake\snake\debug\link.5572.write.1.tlog
g:\jobs\project\a\windows课程设计\snake\snake\debug\link.6120-cvtres.read.1.tlog
g:\jobs\project\a\windows课程设计\snake\snake\debug\link.6120-cvtres.write.1.tlog
g:\jobs\project\a\windows课程设计\snake\snake\debug\link.6120.read.1.tlog
g:\jobs\project\a\windows课程设计\snake\snake\debug\link.6120.write.1.tlog
g:\jobs\project\a\windows课程设计\snake\snake\debug\link.command.1.tlog
g:\jobs\project\a\windows课程设计\snake\snake\debug\link.read.1.tlog
g:\jobs\project\a\windows课程设计\snake\snake\debug\link.write.1.tlog
g:\jobs\project\a\windows课程设计\snake\snake\debug\mt.command.1.tlog
g:\jobs\project\a\windows课程设计\snake\snake\debug\mt.read.1.tlog
g:\jobs\project\a\windows课程设计\snake\snake\debug\mt.write.1.tlog
g:\jobs\project\a\windows课程设计\snake\snake\debug\rc.command.1.tlog
g:\jobs\project\a\windows课程设计\snake\snake\debug\rc.read.1.tlog
g:\jobs\project\a\windows课程设计\snake\snake\debug\rc.write.1.tlog
g:\jobs\project\a\windows课程设计\snake\snake\debug\snake.exe.embed.manifest
g:\jobs\project\a\windows课程设计\snake\snake\debug\snake.exe.intermediate.manifest
g:\jobs\project\a\windows课程设计\snake\snake\debug\snake.exe.embed.manifest.res
g:\jobs\project\a\windows课程设计\snake\snake\debug\snake.res
g:\jobs\project\a\windows课程设计\snake\snake\debug\snake.pch
g:\jobs\project\a\windows课程设计\snake\snake\debug\vc100.idb
g:\jobs\project\a\windows课程设计\snake\snake\debug\vc100.pdb
g:\jobs\project\a\windows课程设计\snake\snake\debug\snake_manifest.rc
g:\jobs\project\a\windows课程设计\snake\debug\snake.pdb
g:\jobs\project\a\windows课程设计\snake\debug\snake.exe
g:\jobs\project\a\windows课程设计\snake\debug\snake.ilk
